2025-08-08 19:58:04 - startup_validator - [31mERROR[0m - Validation Error: Missing required environment variable: DISCORD_TOKEN (Discord bot token) | taskName=None
2025-08-08 19:58:04 - startup_validator - [31mERROR[0m - Validation Error: Invalid DATABASE_TYPE: 'invalid_db'. Must be one of: sqlite, mysql, mongodb | taskName=None
2025-08-08 19:58:04 - startup_validator - [31mERROR[0m - Validation Error: Missing required file: bot.py | taskName=None
2025-08-08 19:58:04 - startup_validator - [31mERROR[0m - Validation Error: Missing required file: requirements.txt | taskName=None
2025-08-08 19:58:04 - startup_validator - [31mERROR[0m - Validation Error: Missing required file: .env.example | taskName=None
2025-08-08 19:58:04 - startup_validator - [31mERROR[0m - Validation Error: Missing required directory: commands | taskName=None
2025-08-08 19:58:04 - startup_validator - [31mERROR[0m - Validation Error: Missing required directory: config | taskName=None
2025-08-08 19:58:04 - startup_validator - [31mERROR[0m - Validation Error: Missing required directory: database | taskName=None
2025-08-08 19:58:04 - startup_validator - [31mERROR[0m - Validation Error: Missing required directory: core | taskName=None
2025-08-08 19:58:04 - startup_validator - [31mERROR[0m - Validation Error: Missing required directory: models | taskName=None
2025-08-08 19:58:04 - startup_validator - [31mERROR[0m - Validation Error: Missing required directory: logging_config | taskName=None
2025-08-08 19:58:04 - startup_validator - [31mERROR[0m - Validation Error: Missing required directory: errors | taskName=None
2025-08-08 19:58:04 - config.config_manager - [31mERROR[0m - Invalid JSON in configuration file: Expecting value: line 1 column 1 (char 0) | taskName=None
2025-08-08 19:58:04 - startup_validator - [31mERROR[0m - Validation Error: Configuration validation failed: Invalid JSON in configuration file: Expecting value: line 1 column 1 (char 0) | taskName=None
2025-08-08 19:58:04 - startup_validator - [31mERROR[0m - Validation Error: Database validation failed: Connection failed | taskName=Task-4
2025-08-08 19:58:04 - startup_validator - [31mERROR[0m - Validation Error: Missing required Python module: discord | taskName=None
2025-08-08 19:58:04 - startup_validator - [31mERROR[0m - Validation Error: Missing required Python module: aiosqlite | taskName=None
2025-08-08 19:58:04 - startup_validator - [31mERROR[0m - Validation Error: Missing required Python module: python-dotenv | taskName=None
2025-08-08 19:58:04 - startup_validator - [31mERROR[0m - Validation Error: Test error 1 | taskName=Task-10
2025-08-08 19:58:04 - startup_validator - [31mERROR[0m - Validation Error: Test error 2 | taskName=Task-10
2025-08-08 19:58:04 - bot - [31mERROR[0m - Missing required environment variables: DISCORD_TOKEN | taskName=None
2025-08-08 19:58:04 - bot - [31mERROR[0m - Please check your .env file or environment configuration | taskName=None
2025-08-08 19:58:04 - bot - [31mERROR[0m - Invalid DATABASE_TYPE: invalid. Must be one of: sqlite, mysql, mongodb | taskName=None
2025-08-08 19:58:04 - bot - [31mERROR[0m - Error during bot setup: Config failed | taskName=Task-16
2025-08-08 19:58:06 - startup_validator - [31mERROR[0m - Validation Error: Invalid DISCORD_TOKEN: Token appears to be too short | taskName=None
2025-08-08 20:43:49 - startup_validator - [31mERROR[0m - Validation Error: Missing required environment variable: DISCORD_TOKEN (Discord bot token) | taskName=None
2025-08-08 20:43:49 - startup_validator - [31mERROR[0m - Validation Error: Invalid DATABASE_TYPE: 'invalid_db'. Must be one of: sqlite, mysql, mongodb | taskName=None
2025-08-08 20:43:49 - startup_validator - [31mERROR[0m - Validation Error: Missing required file: bot.py | taskName=None
2025-08-08 20:43:49 - startup_validator - [31mERROR[0m - Validation Error: Missing required file: requirements.txt | taskName=None
2025-08-08 20:43:49 - startup_validator - [31mERROR[0m - Validation Error: Missing required file: .env.example | taskName=None
2025-08-08 20:43:49 - startup_validator - [31mERROR[0m - Validation Error: Missing required directory: commands | taskName=None
2025-08-08 20:43:49 - startup_validator - [31mERROR[0m - Validation Error: Missing required directory: config | taskName=None
2025-08-08 20:43:49 - startup_validator - [31mERROR[0m - Validation Error: Missing required directory: database | taskName=None
2025-08-08 20:43:49 - startup_validator - [31mERROR[0m - Validation Error: Missing required directory: core | taskName=None
2025-08-08 20:43:49 - startup_validator - [31mERROR[0m - Validation Error: Missing required directory: models | taskName=None
2025-08-08 20:43:49 - startup_validator - [31mERROR[0m - Validation Error: Missing required directory: logging_config | taskName=None
2025-08-08 20:43:49 - startup_validator - [31mERROR[0m - Validation Error: Missing required directory: errors | taskName=None
2025-08-08 20:43:49 - config.config_manager - [31mERROR[0m - Invalid JSON in configuration file: Expecting value: line 1 column 1 (char 0) | taskName=None
2025-08-08 20:43:49 - startup_validator - [31mERROR[0m - Validation Error: Configuration validation failed: Invalid JSON in configuration file: Expecting value: line 1 column 1 (char 0) | taskName=None
2025-08-08 20:43:49 - startup_validator - [31mERROR[0m - Validation Error: Database validation failed: Connection failed | taskName=Task-4
2025-08-08 20:43:49 - startup_validator - [31mERROR[0m - Validation Error: Missing required Python module: discord | taskName=None
2025-08-08 20:43:49 - startup_validator - [31mERROR[0m - Validation Error: Missing required Python module: aiosqlite | taskName=None
2025-08-08 20:43:49 - startup_validator - [31mERROR[0m - Validation Error: Missing required Python module: python-dotenv | taskName=None
2025-08-08 20:43:49 - startup_validator - [31mERROR[0m - Validation Error: Test error 1 | taskName=Task-10
2025-08-08 20:43:49 - startup_validator - [31mERROR[0m - Validation Error: Test error 2 | taskName=Task-10
2025-08-08 20:43:49 - bot - [31mERROR[0m - Missing required environment variables: DISCORD_TOKEN | taskName=None
2025-08-08 20:43:49 - bot - [31mERROR[0m - Please check your .env file or environment configuration | taskName=None
2025-08-08 20:43:49 - bot - [31mERROR[0m - Invalid DATABASE_TYPE: invalid. Must be one of: sqlite, mysql, mongodb | taskName=None
2025-08-08 20:43:49 - bot - [31mERROR[0m - Error during bot setup: Config failed | taskName=Task-16
2025-08-08 20:43:50 - bot - [31mERROR[0m - Error during shutdown cleanup: 'AuditLogger' object has no attribute 'info' | taskName=Task-22
2025-08-08 20:43:58 - __main__ - [31mERROR[0m - Validation Error: Missing required environment variable: DISCORD_TOKEN (Discord bot token) | taskName=Task-1
2025-08-08 20:43:58 - database.sqlite_adapter - [31mERROR[0m - Failed to initialize SQLite schema: threads can only be started once | taskName=Task-1
2025-08-08 20:43:58 - database.sqlite_adapter - [31mERROR[0m - Failed to connect to SQLite database: Failed to initialize schema: threads can only be started once | taskName=Task-1
2025-08-08 20:43:58 - __main__ - [31mERROR[0m - Validation Error: Database validation failed: Failed to connect to SQLite database: Failed to initialize schema: threads can only be started once | taskName=Task-1
2025-08-08 20:43:58 - __main__ - [31mERROR[0m - Validation Error: Missing required Python module: python-dotenv | taskName=Task-1
